#
# A fatal error has been detected by the Java Runtime Environment:
#
#  EXCEPTION_ACCESS_VIOLATION (0xc0000005) at pc=0x0000000056203571, pid=9600, tid=6420
#
# JRE version: Java(TM) SE Runtime Environment (7.0_79-b15) (build 1.7.0_79-b15)
# Java VM: Java HotSpot(TM) 64-Bit Server VM (24.79-b02 mixed mode windows-amd64 compressed oops)
# Problematic frame:
# V  [jvm.dll+0x393571]
#
# Failed to write core dump. Minidumps are not enabled by default on client versions of Windows
#
# If you would like to submit a bug report, please visit:
#   http://bugreport.java.com/bugreport/crash.jsp
#

---------------  T H R E A D  ---------------

Current thread (0x0000000002e77800):  GCTaskThread [stack: 0x00000000066f0000,0x00000000067f0000] [id=6420]

siginfo: ExceptionCode=0xc0000005, reading address 0x00000000000000b0

Registers:
RAX=0x0000000000000000, RBX=0x0000000781ecf9c8, RCX=0x000000077c800da0, RDX=0x0000000781ecf9c8
RSP=0x00000000067ef9e0, RBP=0x000000000000000c, RSI=0x0000000781ecf9c8, RDI=0x0000000781ecfff8
R8 =0x000000000644267b, R9 =0x0000000000000000, R10=0x0000000006440000, R11=0x0000000002833000
R12=0x0000000781ed0000, R13=0x000000000b20f980, R14=0x0000000002e6d5e0, R15=0x0000000002e6d730
RIP=0x0000000056203571, EFLAGS=0x0000000000010246

Top of Stack: (sp=0x00000000067ef9e0)
0x00000000067ef9e0:   000000000604aa01 0000000781d43450
0x00000000067ef9f0:   000000000b20f980 000000000604b27a
0x00000000067efa00:   0000000781ec0730 0000000056203ac1
0x00000000067efa10:   000000000604b680 000000000604b603
0x00000000067efa20:   0000000781ebee00 0000000782055b15
0x00000000067efa30:   000000000604b600 000000000604b803
0x00000000067efa40:   0000000000000200 0000000000000000
0x00000000067efa50:   0000000002e60fd0 0000000002e76e80
0x00000000067efa60:   00000000564399b8 0000000000000000
0x00000000067efa70:   0000000000000000 000000000b145540
0x00000000067efa80:   0000000002e77b60 0000000002e77b50
0x00000000067efa90:   000000000b20f980 0000000056217c82
0x00000000067efaa0:   000000000604b603 0000000002e6d730
0x00000000067efab0:   0000000781ed0000 0000000781f00548
0x00000000067efac0:   000000000b20f980 0000000000000000
0x00000000067efad0:   0000000000000004 0000000002e6da20 

Instructions: (pc=0x0000000056203571)
0x0000000056203551:   0f b6 c8 49 8d 04 10 49 f7 d0 4c 03 c8 49 c1 e8
0x0000000056203561:   03 49 c1 e9 03 45 23 c8 eb 0f 48 8b 01 48 8b d3
0x0000000056203571:   ff 90 b0 00 00 00 44 8b c8 49 63 c1 48 8d 1c c3
0x0000000056203581:   48 3b df 0f 86 56 ff ff ff 48 8b 6c 24 30 48 8b 


Register to memory mapping:

RAX=0x0000000000000000 is an unknown value
RBX=
[error occurred during error reporting (printing register info), id 0xc0000005]

Stack: [0x00000000066f0000,0x00000000067f0000],  sp=0x00000000067ef9e0,  free space=1022k
Native frames: (J=compiled Java code, j=interpreted, Vv=VM code, C=native code)
V  [jvm.dll+0x393571]


---------------  P R O C E S S  ---------------

Java Threads: ( => current thread )
  0x000000000b298800 JavaThread "Service Thread" daemon [_thread_blocked, id=1896, stack(0x000000000cd80000,0x000000000ce80000)]
  0x000000000b29c000 JavaThread "C2 CompilerThread1" daemon [_thread_blocked, id=8904, stack(0x000000000cc80000,0x000000000cd80000)]
  0x000000000b297800 JavaThread "C2 CompilerThread0" daemon [_thread_blocked, id=11248, stack(0x000000000cb80000,0x000000000cc80000)]
  0x000000000b285800 JavaThread "JDWP Command Reader" daemon [_thread_in_native, id=2800, stack(0x000000000ca80000,0x000000000cb80000)]
  0x000000000b282800 JavaThread "JDWP Event Helper Thread" daemon [_thread_blocked, id=7364, stack(0x000000000c980000,0x000000000ca80000)]
  0x000000000b275000 JavaThread "JDWP Transport Listener: dt_socket" daemon [_thread_blocked, id=10284, stack(0x000000000c7e0000,0x000000000c8e0000)]
  0x000000000b26f000 JavaThread "Attach Listener" daemon [_thread_blocked, id=7008, stack(0x000000000c6e0000,0x000000000c7e0000)]
  0x000000000b26c800 JavaThread "Signal Dispatcher" daemon [_thread_blocked, id=3424, stack(0x000000000c5e0000,0x000000000c6e0000)]
  0x000000000b21f800 JavaThread "Finalizer" daemon [_thread_blocked, id=3228, stack(0x000000000c4e0000,0x000000000c5e0000)]
  0x000000000b216800 JavaThread "Reference Handler" daemon [_thread_blocked, id=10532, stack(0x000000000c3e0000,0x000000000c4e0000)]
  0x0000000002a9d800 JavaThread "main" [_thread_blocked, id=10860, stack(0x0000000002970000,0x0000000002a70000)]

Other Threads:
  0x000000000b211000 VMThread [stack: 0x000000000c2e0000,0x000000000c3e0000] [id=1900]
  0x000000000b2b7000 WatcherThread [stack: 0x000000000ce80000,0x000000000cf80000] [id=2352]

=>0x0000000002e77800 (exited) GCTaskThread [stack: 0x00000000066f0000,0x00000000067f0000] [id=6420]

VM state:at safepoint (normal execution)

VM Mutex/Monitor currently owned by a thread:  ([mutex/lock_event])
[0x0000000002a9c770] Threads_lock - owner thread: 0x000000000b211000
[0x0000000002a9d0f0] Heap_lock - owner thread: 0x0000000002a9d800

Heap
 PSYoungGen      total 38400K, used 38376K [0x00000007d5e00000, 0x00000007d8880000, 0x0000000800000000)
  eden space 33280K, 100% used [0x00000007d5e00000,0x00000007d7e80000,0x00000007d7e80000)
  from space 5120K, 99% used [0x00000007d7e80000,0x00000007d837a020,0x00000007d8380000)
  to   space 5120K, 99% used [0x00000007d8380000,0x00000007d887e030,0x00000007d8880000)
 ParOldGen       total 86016K, used 7282K [0x0000000781a00000, 0x0000000786e00000, 0x00000007d5e00000)
  object space 86016K, 8% used [0x0000000781a00000,0x000000078211ca00,0x0000000786e00000)
 PSPermGen       total 21504K, used 14563K [0x000000077c800000, 0x000000077dd00000, 0x0000000781a00000)
  object space 21504K, 67% used [0x000000077c800000,0x000000077d638de0,0x000000077dd00000)

Card table byte_map: [0x0000000006020000,0x0000000006440000] byte_map_base: 0x000000000243c000

Polling page: 0x0000000000c50000

Code Cache  [0x0000000002f60000, 0x00000000031d0000, 0x0000000005f60000)
 total_blobs=637 nmethods=351 adapters=246 free_code_cache=47729Kb largest_free_block=48842304

Compilation events (10 events):
Event: 4.112 Thread 0x000000000b29c000 nmethod 346 0x00000000030bf0d0 code [0x00000000030bf200, 0x00000000030bf278]
Event: 4.112 Thread 0x000000000b297800 nmethod 347 0x00000000030bee50 code [0x00000000030bef80, 0x00000000030beff8]
Event: 4.120 Thread 0x000000000b29c000  348             java.util.HashSet::contains (9 bytes)
Event: 4.120 Thread 0x000000000b297800  349             java.util.IdentityHashMap::get (60 bytes)
Event: 4.123 Thread 0x000000000b297800 nmethod 349 0x00000000030bb650 code [0x00000000030bb7a0, 0x00000000030bb9e8]
Event: 4.123 Thread 0x000000000b297800  350             java.util.HashMap::get (29 bytes)
Event: 4.125 Thread 0x000000000b29c000 nmethod 348 0x00000000030bc7d0 code [0x00000000030bc960, 0x00000000030bcf38]
Event: 4.128 Thread 0x000000000b297800 nmethod 350 0x00000000030bc150 code [0x00000000030bc2c0, 0x00000000030bc538]
Event: 4.132 Thread 0x000000000b29c000  351             java.net.URI$Parser::charAt (9 bytes)
Event: 4.133 Thread 0x000000000b29c000 nmethod 351 0x00000000030bbd50 code [0x00000000030bbea0, 0x00000000030bbff8]

GC Heap History (7 events):
Event: 1.728 GC heap before
{Heap before GC invocations=1 (full 0):
 PSYoungGen      total 38400K, used 33280K [0x00000007d5e00000, 0x00000007d8880000, 0x0000000800000000)
  eden space 33280K, 100% used [0x00000007d5e00000,0x00000007d7e80000,0x00000007d7e80000)
  from space 5120K, 0% used [0x00000007d8380000,0x00000007d8380000,0x00000007d8880000)
  to   space 5120K, 0% used [0x00000007d7e80000,0x00000007d7e80000,0x00000007d8380000)
 ParOldGen       total 86016K, used 0K [0x0000000781a00000, 0x0000000786e00000, 0x00000007d5e00000)
  object space 86016K, 0% used [0x0000000781a00000,0x0000000781a00000,0x0000000786e00000)
 PSPermGen       total 21504K, used 8191K [0x000000077c800000, 0x000000077dd00000, 0x0000000781a00000)
  object space 21504K, 38% used [0x000000077c800000,0x000000077cfffcd0,0x000000077dd00000)
Event: 1.735 GC heap after
Heap after GC invocations=1 (full 0):
 PSYoungGen      total 38400K, used 5093K [0x00000007d5e00000, 0x00000007d8880000, 0x0000000800000000)
  eden space 33280K, 0% used [0x00000007d5e00000,0x00000007d5e00000,0x00000007d7e80000)
  from space 5120K, 99% used [0x00000007d7e80000,0x00000007d8379570,0x00000007d8380000)
  to   space 5120K, 0% used [0x00000007d8380000,0x00000007d8380000,0x00000007d8880000)
 ParOldGen       total 86016K, used 97K [0x0000000781a00000, 0x0000000786e00000, 0x00000007d5e00000)
  object space 86016K, 0% used [0x0000000781a00000,0x0000000781a18658,0x0000000786e00000)
 PSPermGen       total 21504K, used 8191K [0x000000077c800000, 0x000000077dd00000, 0x0000000781a00000)
  object space 21504K, 38% used [0x000000077c800000,0x000000077cfffcd0,0x000000077dd00000)
}
Event: 2.492 GC heap before
{Heap before GC invocations=2 (full 0):
 PSYoungGen      total 38400K, used 38373K [0x00000007d5e00000, 0x00000007d8880000, 0x0000000800000000)
  eden space 33280K, 100% used [0x00000007d5e00000,0x00000007d7e80000,0x00000007d7e80000)
  from space 5120K, 99% used [0x00000007d7e80000,0x00000007d8379570,0x00000007d8380000)
  to   space 5120K, 0% used [0x00000007d8380000,0x00000007d8380000,0x00000007d8880000)
 ParOldGen       total 86016K, used 97K [0x0000000781a00000, 0x0000000786e00000, 0x00000007d5e00000)
  object space 86016K, 0% used [0x0000000781a00000,0x0000000781a18658,0x0000000786e00000)
 PSPermGen       total 21504K, used 12509K [0x000000077c800000, 0x000000077dd00000, 0x0000000781a00000)
  object space 21504K, 58% used [0x000000077c800000,0x000000077d437450,0x000000077dd00000)
Event: 2.503 GC heap after
Heap after GC invocations=2 (full 0):
 PSYoungGen      total 38400K, used 5114K [0x00000007d5e00000, 0x00000007d8880000, 0x0000000800000000)
  eden space 33280K, 0% used [0x00000007d5e00000,0x00000007d5e00000,0x00000007d7e80000)
  from space 5120K, 99% used [0x00000007d8380000,0x00000007d887e810,0x00000007d8880000)
  to   space 5120K, 0% used [0x00000007d7e80000,0x00000007d7e80000,0x00000007d8380000)
 ParOldGen       total 86016K, used 1972K [0x0000000781a00000, 0x0000000786e00000, 0x00000007d5e00000)
  object space 86016K, 2% used [0x0000000781a00000,0x0000000781bed188,0x0000000786e00000)
 PSPermGen       total 21504K, used 12509K [0x000000077c800000, 0x000000077dd00000, 0x0000000781a00000)
  object space 21504K, 58% used [0x000000077c800000,0x000000077d437450,0x000000077dd00000)
}
Event: 3.450 GC heap before
{Heap before GC invocations=3 (full 0):
 PSYoungGen      total 38400K, used 38394K [0x00000007d5e00000, 0x00000007d8880000, 0x0000000800000000)
  eden space 33280K, 100% used [0x00000007d5e00000,0x00000007d7e80000,0x00000007d7e80000)
  from space 5120K, 99% used [0x00000007d8380000,0x00000007d887e810,0x00000007d8880000)
  to   space 5120K, 0% used [0x00000007d7e80000,0x00000007d7e80000,0x00000007d8380000)
 ParOldGen       total 86016K, used 1972K [0x0000000781a00000, 0x0000000786e00000, 0x00000007d5e00000)
  object space 86016K, 2% used [0x0000000781a00000,0x0000000781bed188,0x0000000786e00000)
 PSPermGen       total 21504K, used 14162K [0x000000077c800000, 0x000000077dd00000, 0x0000000781a00000)
  object space 21504K, 65% used [0x000000077c800000,0x000000077d5d48a8,0x000000077dd00000)
Event: 3.460 GC heap after
Heap after GC invocations=3 (full 0):
 PSYoungGen      total 38400K, used 5096K [0x00000007d5e00000, 0x00000007d8880000, 0x0000000800000000)
  eden space 33280K, 0% used [0x00000007d5e00000,0x00000007d5e00000,0x00000007d7e80000)
  from space 5120K, 99% used [0x00000007d7e80000,0x00000007d837a020,0x00000007d8380000)
  to   space 5120K, 0% used [0x00000007d8380000,0x00000007d8380000,0x00000007d8880000)
 ParOldGen       total 86016K, used 5121K [0x0000000781a00000, 0x0000000786e00000, 0x00000007d5e00000)
  object space 86016K, 5% used [0x0000000781a00000,0x0000000781f00548,0x0000000786e00000)
 PSPermGen       total 21504K, used 14162K [0x000000077c800000, 0x000000077dd00000, 0x0000000781a00000)
  object space 21504K, 65% used [0x000000077c800000,0x000000077d5d48a8,0x000000077dd00000)
}
Event: 4.138 GC heap before
{Heap before GC invocations=4 (full 0):
 PSYoungGen      total 38400K, used 38376K [0x00000007d5e00000, 0x00000007d8880000, 0x0000000800000000)
  eden space 33280K, 100% used [0x00000007d5e00000,0x00000007d7e80000,0x00000007d7e80000)
  from space 5120K, 99% used [0x00000007d7e80000,0x00000007d837a020,0x00000007d8380000)
  to   space 5120K, 0% used [0x00000007d8380000,0x00000007d8380000,0x00000007d8880000)
 ParOldGen       total 86016K, used 5121K [0x0000000781a00000, 0x0000000786e00000, 0x00000007d5e00000)
  object space 86016K, 5% used [0x0000000781a00000,0x0000000781f00548,0x0000000786e00000)
 PSPermGen       total 21504K, used 14563K [0x000000077c800000, 0x000000077dd00000, 0x0000000781a00000)
  object space 21504K, 67% used [0x000000077c800000,0x000000077d638de0,0x000000077dd00000)

Deoptimization events (10 events):
Event: 3.012 Thread 0x0000000002a9d800 Uncommon trap: reason=unreached action=reinterpret pc=0x0000000003040e30 method=java.lang.reflect.AccessibleObject.setAccessible0(Ljava/lang/reflect/AccessibleObject;Z)V @ 4
Event: 3.083 Thread 0x0000000002a9d800 Uncommon trap: reason=null_check action=make_not_entrant pc=0x0000000003044040 method=org.apache.maven.model.io.xpp3.MavenXpp3Reader.checkFieldWithDuplicate(Lorg/codehaus/plexus/util/xml/pull/XmlPullParser;Ljava/lang/String;Ljava/lang/String;Ljava/util/SetÇÅeÙ8
@
Event: 3.278 Thread 0x0000000002a9d800 Uncommon trap: reason=bimorphic action=maybe_recompile pc=0x0000000003047a30 method=java.util.regex.Pattern$Curly.match0(Ljava/util/regex/Matcher;IILjava/lang/CharSequence;)Z @ 170
Event: 3.308 Thread 0x0000000002a9d800 Uncommon trap: reason=bimorphic action=maybe_recompile pc=0x0000000003047a30 method=java.util.regex.Pattern$Curly.match0(Ljava/util/regex/Matcher;IILjava/lang/CharSequence;)Z @ 170
Event: 3.308 Thread 0x0000000002a9d800 Uncommon trap: reason=bimorphic action=maybe_recompile pc=0x0000000003047a30 method=java.util.regex.Pattern$Curly.match0(Ljava/util/regex/Matcher;IILjava/lang/CharSequence;)Z @ 170
Event: 3.569 Thread 0x0000000002a9d800 Uncommon trap: reason=bimorphic action=maybe_recompile pc=0x0000000003047a30 method=java.util.regex.Pattern$Curly.match0(Ljava/util/regex/Matcher;IILjava/lang/CharSequence;)Z @ 170
Event: 3.647 Thread 0x0000000002a9d800 Uncommon trap: reason=null_check action=make_not_entrant pc=0x0000000003065378 method=org.eclipse.sisu.inject.RankedSequence.topRank()I @ 4
Event: 3.659 Thread 0x0000000002a9d800 Uncommon trap: reason=unreached action=reinterpret pc=0x0000000002ffc4a0 method=java.util.HashMap.get(Ljava/lang/Object;)Ljava/lang/Object; @ 1
Event: 3.662 Thread 0x0000000002a9d800 Uncommon trap: reason=unreached action=reinterpret pc=0x000000000301b5d0 method=java.util.HashMap.put(Ljava/lang/Object;Ljava/lang/Object;)Ljava/lang/Object; @ 19
Event: 3.699 Thread 0x0000000002a9d800 Uncommon trap: reason=predicate action=maybe_recompile pc=0x0000000002fddfe8 method=java.nio.charset.CharsetDecoder.decode(Ljava/nio/ByteBuffer;Ljava/nio/CharBuffer;Z)Ljava/nio/charset/CoderResult; @ 54

Internal exceptions (10 events):
Event: 4.136 Thread 0x0000000002a9d800 Threw 0x00000007d7e63f88 at C:\re\jdk7u79\2331\hotspot\src\share\vm\prims\jvm.cpp:1304
Event: 4.136 Thread 0x0000000002a9d800 Threw 0x00000007d7e64818 at C:\re\jdk7u79\2331\hotspot\src\share\vm\prims\jvm.cpp:1304
Event: 4.137 Thread 0x0000000002a9d800 Threw 0x00000007d7e69360 at C:\re\jdk7u79\2331\hotspot\src\share\vm\prims\jvm.cpp:1304
Event: 4.137 Thread 0x0000000002a9d800 Threw 0x00000007d7e69c00 at C:\re\jdk7u79\2331\hotspot\src\share\vm\prims\jvm.cpp:1304
Event: 4.137 Thread 0x0000000002a9d800 Threw 0x00000007d7e6e040 at C:\re\jdk7u79\2331\hotspot\src\share\vm\prims\jvm.cpp:1304
Event: 4.137 Thread 0x0000000002a9d800 Threw 0x00000007d7e6e830 at C:\re\jdk7u79\2331\hotspot\src\share\vm\prims\jvm.cpp:1304
Event: 4.137 Thread 0x0000000002a9d800 Threw 0x00000007d7e77680 at C:\re\jdk7u79\2331\hotspot\src\share\vm\prims\jvm.cpp:1304
Event: 4.137 Thread 0x0000000002a9d800 Threw 0x00000007d7e77db0 at C:\re\jdk7u79\2331\hotspot\src\share\vm\prims\jvm.cpp:1304
Event: 4.138 Thread 0x0000000002a9d800 Threw 0x00000007d7e7d260 at C:\re\jdk7u79\2331\hotspot\src\share\vm\prims\jvm.cpp:1304
Event: 4.138 Thread 0x0000000002a9d800 Threw 0x00000007d7e7dac0 at C:\re\jdk7u79\2331\hotspot\src\share\vm\prims\jvm.cpp:1304

Events (10 events):
Event: 4.137 loading class 0x000000000d7b4480 done
Event: 4.137 loading class 0x000000000d7b4480
Event: 4.137 loading class 0x000000000d7b4480 done
Event: 4.137 loading class 0x000000000dbfdd90
Event: 4.137 loading class 0x000000000dbfdd90 done
Event: 4.137 loading class 0x000000000dbfdd90
Event: 4.137 loading class 0x000000000dbfdd90 done
Event: 4.137 loading class 0x000000000dbfdd90
Event: 4.137 loading class 0x000000000dbfdd90 done
Event: 4.138 Executing VM operation: ParallelGCFailedAllocation


Dynamic libraries:
0x00007ff6479d0000 - 0x00007ff647a03000 	C:\Java\jdk1.7.0_79\bin\javaw.exe
0x00007ffe90640000 - 0x00007ffe9081b000 	C:\Windows\SYSTEM32\ntdll.dll
0x00007ffe90420000 - 0x00007ffe904ce000 	C:\Windows\System32\KERNEL32.DLL
0x00007ffe8ce50000 - 0x00007ffe8d099000 	C:\Windows\System32\KERNELBASE.dll
0x00007ffe8f410000 - 0x00007ffe8f4b1000 	C:\Windows\System32\ADVAPI32.dll
0x00007ffe8fb80000 - 0x00007ffe8fc1d000 	C:\Windows\System32\msvcrt.dll
0x00007ffe8fe40000 - 0x00007ffe8fe99000 	C:\Windows\System32\sechost.dll
0x00007ffe8f910000 - 0x00007ffe8fa35000 	C:\Windows\System32\RPCRT4.dll
0x00007ffe8dbd0000 - 0x00007ffe8dd1a000 	C:\Windows\System32\USER32.dll
0x00007ffe8cd30000 - 0x00007ffe8cd4e000 	C:\Windows\System32\win32u.dll
0x00007ffe8dba0000 - 0x00007ffe8dbc7000 	C:\Windows\System32\GDI32.dll
0x00007ffe8d110000 - 0x00007ffe8d298000 	C:\Windows\System32\gdi32full.dll
0x00007ffe8d9f0000 - 0x00007ffe8da8a000 	C:\Windows\System32\msvcp_win.dll
0x00007ffe8cd50000 - 0x00007ffe8ce46000 	C:\Windows\System32\ucrtbase.dll
0x00007ffe81c60000 - 0x00007ffe81ec7000 	C:\Windows\WinSxS\amd64_microsoft.windows.common-controls_6595b64144ccf1df_6.0.15063.0_none_108e4f62dfe5d999\COMCTL32.dll
0x00007ffe90120000 - 0x00007ffe90419000 	C:\Windows\System32\combase.dll
0x00007ffe8d0a0000 - 0x00007ffe8d10a000 	C:\Windows\System32\bcryptPrimitives.dll
0x00007ffe8fe10000 - 0x00007ffe8fe3d000 	C:\Windows\System32\IMM32.DLL
0x00000000577b0000 - 0x0000000057882000 	C:\Java\jdk1.7.0_79\jre\bin\msvcr100.dll
0x0000000055e70000 - 0x0000000056645000 	C:\Java\jdk1.7.0_79\jre\bin\server\jvm.dll
0x00007ffe8dd20000 - 0x00007ffe8dd28000 	C:\Windows\System32\PSAPI.DLL
0x00007ffe81bc0000 - 0x00007ffe81bc9000 	C:\Windows\SYSTEM32\WSOCK32.dll
0x00007ffe8fea0000 - 0x00007ffe8ff0c000 	C:\Windows\System32\WS2_32.dll
0x00007ffe8ae60000 - 0x00007ffe8ae83000 	C:\Windows\SYSTEM32\WINMM.dll
0x00007ffe8ae00000 - 0x00007ffe8ae2b000 	C:\Windows\SYSTEM32\WINMMBASE.dll
0x00007ffe8d2a0000 - 0x00007ffe8d2e9000 	C:\Windows\System32\cfgmgr32.dll
0x00000000577a0000 - 0x00000000577af000 	C:\Java\jdk1.7.0_79\jre\bin\verify.dll
0x0000000057770000 - 0x0000000057798000 	C:\Java\jdk1.7.0_79\jre\bin\java.dll
0x0000000055e30000 - 0x0000000055e65000 	C:\Java\jdk1.7.0_79\jre\bin\jdwp.dll
0x0000000055e20000 - 0x0000000055e28000 	C:\Java\jdk1.7.0_79\jre\bin\npt.dll
0x0000000055e00000 - 0x0000000055e15000 	C:\Java\jdk1.7.0_79\jre\bin\zip.dll
0x0000000055df0000 - 0x0000000055df9000 	C:\Java\jdk1.7.0_79\jre\bin\dt_socket.dll
0x00007ffe7beb0000 - 0x00007ffe7bec6000 	C:\Windows\system32\napinsp.dll
0x00007ffe7be90000 - 0x00007ffe7beaa000 	C:\Windows\system32\pnrpnsp.dll
0x00007ffe898b0000 - 0x00007ffe898c8000 	C:\Windows\system32\NLAapi.dll
0x00007ffe8c3c0000 - 0x00007ffe8c41c000 	C:\Windows\System32\mswsock.dll
0x00007ffe8c1a0000 - 0x00007ffe8c244000 	C:\Windows\SYSTEM32\DNSAPI.dll
0x00007ffe8f900000 - 0x00007ffe8f908000 	C:\Windows\System32\NSI.dll
0x00007ffe8c160000 - 0x00007ffe8c197000 	C:\Windows\SYSTEM32\IPHLPAPI.DLL
0x00007ffe7be80000 - 0x00007ffe7be8e000 	C:\Windows\System32\winrnr.dll
0x00007ffe7be60000 - 0x00007ffe7be75000 	C:\Windows\System32\wshbth.dll
0x0000000057640000 - 0x0000000057675000 	C:\Program Files\Bonjour\mdnsNSP.dll
0x00007ffe7e4c0000 - 0x00007ffe7e52b000 	C:\Windows\System32\fwpuclnt.dll
0x00007ffe8c670000 - 0x00007ffe8c695000 	C:\Windows\SYSTEM32\bcrypt.dll
0x00007ffe7d800000 - 0x00007ffe7d80a000 	C:\Windows\System32\rasadhlp.dll
0x0000000055dd0000 - 0x0000000055dea000 	C:\Java\jdk1.7.0_79\jre\bin\net.dll
0x0000000055db0000 - 0x0000000055dc1000 	C:\Java\jdk1.7.0_79\jre\bin\nio.dll
0x00007ffe7ceb0000 - 0x00007ffe7d059000 	C:\Windows\SYSTEM32\dbghelp.dll

VM Arguments:
jvm_args: -agentlib:jdwp=transport=dt_socket,suspend=y,address=localhost:50921 -Dmaven.home=D:\program_software\Maven\maven_bin\apache-maven-3.2.5 -Dclassworlds.conf=F:\MyEclipseWordPlace\.metadata\.plugins\org.eclipse.m2e.launching\launches\m2conf3171778830549272348.tmp -Dfile.encoding=GBK 
java_command: org.codehaus.plexus.classworlds.launcher.Launcher -B -s D:\program_software\Maven\maven_bin\apache-maven-3.2.5\conf\settings.xml tomcat:run
Launcher Type: SUN_STANDARD

Environment Variables:
JAVA_HOME=C:\Java\jdk1.7.0_79
CLASSPATH=.;C:\Java\jdk1.7.0_79\lib\dt.jar;C:\Java\jdk1.7.0_79\lib\tools.jar;
PATH=C:\Windows\system32;C:\Windows;C:\Windows\System32\Wbem;C:\Windows\System32\WindowsPowerShell\v1.0\;C:\Java\jdk1.7.0_79\bin;C:\Java\jdk1.7.0_79\jre\bin;D:\program_software\Maven\maven_bin\apache-maven-3.2.5\bin;D:\program_software\svn\svn_server\svn_server_location\bin;D:\program_software\svn\svn_client\bin;D:\program_software\Git\git_location\Git\cmd;C:\Users\10729\AppData\Local\Microsoft\WindowsApps;
USERNAME=10729
OS=Windows_NT
PROCESSOR_IDENTIFIER=Intel64 Family 6 Model 69 Stepping 1, GenuineIntel



---------------  S Y S T E M  ---------------

OS: Windows 8.1 , 64 bit Build 9600 

CPU:total 4 (2 cores per cpu, 2 threads per core) family 6 model 69 stepping 1, cmov, cx8, fxsr, mmx, sse, sse2, sse3, ssse3, sse4.1, sse4.2, popcnt, avx, avx2, aes, erms, ht, tsc, tscinvbit

Memory: 4k page, physical 8278296k(5215336k free), swap 9589016k(5728712k free)

vm_info: Java HotSpot(TM) 64-Bit Server VM (24.79-b02) for windows-amd64 JRE (1.7.0_79-b15), built on Apr 10 2015 12:36:16 by "java_re" with unknown MS VC++:1600

time: Tue Aug 29 23:53:59 2017
elapsed time: 4 seconds

